Arguments: 
  C:\Program Files\nodejs\node.exe C:\Users\eoejuyn\AppData\Roaming\npm\node_modules\yarn\bin\yarn.js add elliptic

PATH: 
  C:\ProgramData\Oracle\Java\javapath;C:\WINDOWS\system32;C:\WINDOWS;C:\WINDOWS\System32\Wbem;C:\WINDOWS\System32\WindowsPowerShell\v1.0\;C:\Program Files\Git\cmd;C:\Program Files\nodejs\;C:\Program Files\PuTTY\;C:\Users\eoejuyn\AppData\Local\Programs\Python\Python36\Scripts\;C:\Users\eoejuyn\AppData\Local\Programs\Python\Python36\;C:\Users\eoejuyn\AppData\Local\Microsoft\WindowsApps;C:\Users\eoejuyn\AppData\Local\Programs\Microsoft VS Code\bin;C:\Program Files\erl10.1\bin;C:\cygwin64\bin;C:\Users\eoejuyn\AppData\Roaming\npm;C:\Program Files\Docker Toolbox

Yarn version: 
  1.12.3

Node version: 
  10.15.0

Platform: 
  win32 x64

Trace: 
  SyntaxError: C:\Users\eoejuyn\Basic_coin\BasicCoin\package.json: Unexpected token < in JSON at position 239
      at JSON.parse (<anonymous>)
      at C:\Users\eoejuyn\AppData\Roaming\npm\node_modules\yarn\lib\cli.js:1631:59
      at Generator.next (<anonymous>)
      at step (C:\Users\eoejuyn\AppData\Roaming\npm\node_modules\yarn\lib\cli.js:304:30)
      at C:\Users\eoejuyn\AppData\Roaming\npm\node_modules\yarn\lib\cli.js:315:13

npm manifest: 
  {
    "name": "BasicCoin",
    "version": "1.0.0",
    "description": "BasicCoin made by NodeJs",
    "main": "src/server.js",
    "repository": "https://github.com/yunnook/BasicCoin.git",
    "license": "MIT",
    "private": false,
    "dependencies": {
  <<<<<<< HEAD
      "body-parser": "^1.18.3",
      "crypto-js": "^3.1.9-1",
      "express": "^4.16.4",
      "hex-to-binary": "^1.0.1",
      "morgan": "^1.9.1",
      "ws": "^6.2.1"
    },
    "scripts": {
      "dev": "nodemon src/server.js"
  =======
      "crypto-js": "^3.1.9-1"
  >>>>>>> c8086dcd47bb000cc614b4da8e4b340448aa35a0
    }
  }

yarn manifest: 
  No manifest

Lockfile: 
  # THIS IS AN AUTOGENERATED FILE. DO NOT EDIT THIS FILE DIRECTLY.
  # yarn lockfile v1
  
  
  <<<<<<< HEAD
  accepts@~1.3.5:
    version "1.3.5"
    resolved "https://registry.yarnpkg.com/accepts/-/accepts-1.3.5.tgz#eb777df6011723a3b14e8a72c0805c8e86746bd2"
    integrity sha1-63d99gEXI6OxTopywIBcjoZ0a9I=
    dependencies:
      mime-types "~2.1.18"
      negotiator "0.6.1"
  
  array-flatten@1.1.1:
    version "1.1.1"
    resolved "https://registry.yarnpkg.com/array-flatten/-/array-flatten-1.1.1.tgz#9a5f699051b1e7073328f2a008968b64ea2955d2"
    integrity sha1-ml9pkFGx5wczKPKgCJaLZOopVdI=
  
  async-limiter@~1.0.0:
    version "1.0.0"
    resolved "https://registry.yarnpkg.com/async-limiter/-/async-limiter-1.0.0.tgz#78faed8c3d074ab81f22b4e985d79e8738f720f8"
    integrity sha512-jp/uFnooOiO+L211eZOoSyzpOITMXx1rBITauYykG3BRYPu8h0UcxsPNB04RR5vo4Tyz3+ay17tR6JVf9qzYWg==
  
  basic-auth@~2.0.0:
    version "2.0.1"
    resolved "https://registry.yarnpkg.com/basic-auth/-/basic-auth-2.0.1.tgz#b998279bf47ce38344b4f3cf916d4679bbf51e3a"
    integrity sha512-NF+epuEdnUYVlGuhaxbbq+dvJttwLnGY+YixlXlME5KpQ5W3CnXA5cVTneY3SPbPDRkcjMbifrwmFYcClgOZeg==
    dependencies:
      safe-buffer "5.1.2"
  
  body-parser@1.18.3, body-parser@^1.18.3:
    version "1.18.3"
    resolved "https://registry.yarnpkg.com/body-parser/-/body-parser-1.18.3.tgz#5b292198ffdd553b3a0f20ded0592b956955c8b4"
    integrity sha1-WykhmP/dVTs6DyDe0FkrlWlVyLQ=
    dependencies:
      bytes "3.0.0"
      content-type "~1.0.4"
      debug "2.6.9"
      depd "~1.1.2"
      http-errors "~1.6.3"
      iconv-lite "0.4.23"
      on-finished "~2.3.0"
      qs "6.5.2"
      raw-body "2.3.3"
      type-is "~1.6.16"
  
  bytes@3.0.0:
    version "3.0.0"
    resolved "https://registry.yarnpkg.com/bytes/-/bytes-3.0.0.tgz#d32815404d689699f85a4ea4fa8755dd13a96048"
    integrity sha1-0ygVQE1olpn4Wk6k+odV3ROpYEg=
  
  content-disposition@0.5.2:
    version "0.5.2"
    resolved "https://registry.yarnpkg.com/content-disposition/-/content-disposition-0.5.2.tgz#0cf68bb9ddf5f2be7961c3a85178cb85dba78cb4"
    integrity sha1-DPaLud318r55YcOoUXjLhdunjLQ=
  
  content-type@~1.0.4:
    version "1.0.4"
    resolved "https://registry.yarnpkg.com/content-type/-/content-type-1.0.4.tgz#e138cc75e040c727b1966fe5e5f8c9aee256fe3b"
    integrity sha512-hIP3EEPs8tB9AT1L+NUqtwOAps4mk2Zob89MWXMHjHWg9milF/j4osnnQLXBCBFBk/tvIG/tUc9mOUJiPBhPXA==
  
  cookie-signature@1.0.6:
    version "1.0.6"
    resolved "https://registry.yarnpkg.com/cookie-signature/-/cookie-signature-1.0.6.tgz#e303a882b342cc3ee8ca513a79999734dab3ae2c"
    integrity sha1-4wOogrNCzD7oylE6eZmXNNqzriw=
  
  cookie@0.3.1:
    version "0.3.1"
    resolved "https://registry.yarnpkg.com/cookie/-/cookie-0.3.1.tgz#e7e0a1f9ef43b4c8ba925c5c5a96e806d16873bb"
    integrity sha1-5+Ch+e9DtMi6klxcWpboBtFoc7s=
  
  =======
  >>>>>>> c8086dcd47bb000cc614b4da8e4b340448aa35a0
  crypto-js@^3.1.9-1:
    version "3.1.9-1"
    resolved "https://registry.yarnpkg.com/crypto-js/-/crypto-js-3.1.9-1.tgz#fda19e761fc077e01ffbfdc6e9fdfc59e8806cd8"
    integrity sha1-/aGedh/Ad+Af+/3G6f38WeiAbNg=
